app/build/intermediates/manifest_merge_blame_file/release/manifest-merger-blame-release-report.txt
1<?xml version="1.0" encoding="utf-8"?>
2<manifest xmlns:android="http://schemas.android.com/apk/res/android"
3    package="com.example.brokerfi"
4    android:versionCode="1"
5    android:versionName="1.1.9" >
6
7    <uses-sdk
8        android:minSdkVersion="21"
9        android:targetSdkVersion="33" />
10
11    <uses-feature
11-->src\main\AndroidManifest.xml:5:5-7:36
12        android:name="android.hardware.camera"
12-->src\main\AndroidManifest.xml:6:9-47
13        android:required="false" />
13-->src\main\AndroidManifest.xml:7:9-33
14    <uses-feature android:name="android.hardware.camera.autofocus" />
14-->src\main\AndroidManifest.xml:8:5-70
14-->src\main\AndroidManifest.xml:8:19-67
15
16    <uses-permission android:name="android.permission.CAMERA" />
16-->src\main\AndroidManifest.xml:10:5-65
16-->src\main\AndroidManifest.xml:10:22-62
17    <uses-permission android:name="android.permission.READ_EXTERNAL_STORAGE" />
17-->src\main\AndroidManifest.xml:11:5-80
17-->src\main\AndroidManifest.xml:11:22-77
18    <uses-permission android:name="android.permission.WRITE_EXTERNAL_STORAGE" />
18-->src\main\AndroidManifest.xml:12:5-81
18-->src\main\AndroidManifest.xml:12:22-78
19    <uses-permission android:name="android.permission.INTERNET" />
19-->src\main\AndroidManifest.xml:13:5-67
19-->src\main\AndroidManifest.xml:13:22-64
20
21    <queries>
21-->src\main\AndroidManifest.xml:15:5-21:15
22        <intent>
22-->src\main\AndroidManifest.xml:16:9-20:18
23            <action android:name="android.intent.action.VIEW" />
23-->src\main\AndroidManifest.xml:17:13-65
23-->src\main\AndroidManifest.xml:17:21-62
24
25            <data android:mimeType="text/html" />
25-->src\main\AndroidManifest.xml:18:13-50
25-->src\main\AndroidManifest.xml:18:19-47
26
27            <category android:name="android.intent.category.BROWSABLE" />
27-->src\main\AndroidManifest.xml:19:13-74
27-->src\main\AndroidManifest.xml:19:23-71
28        </intent>
29    </queries>
30
31    <uses-feature
31-->[com.journeyapps:zxing-android-embedded:4.3.0] AndroidManifest.xml:28:5-30:36
32        android:name="android.hardware.camera.front"
32-->[com.journeyapps:zxing-android-embedded:4.3.0] AndroidManifest.xml:29:9-53
33        android:required="false" />
33-->[com.journeyapps:zxing-android-embedded:4.3.0] AndroidManifest.xml:30:9-33
34    <uses-feature
34-->[com.journeyapps:zxing-android-embedded:4.3.0] AndroidManifest.xml:36:5-38:36
35        android:name="android.hardware.camera.flash"
35-->[com.journeyapps:zxing-android-embedded:4.3.0] AndroidManifest.xml:37:9-53
36        android:required="false" />
36-->[com.journeyapps:zxing-android-embedded:4.3.0] AndroidManifest.xml:38:9-33
37    <uses-feature
37-->[com.journeyapps:zxing-android-embedded:4.3.0] AndroidManifest.xml:39:5-41:36
38        android:name="android.hardware.screen.landscape"
38-->[com.journeyapps:zxing-android-embedded:4.3.0] AndroidManifest.xml:40:9-57
39        android:required="false" />
39-->[com.journeyapps:zxing-android-embedded:4.3.0] AndroidManifest.xml:41:9-33
40    <uses-feature
40-->[com.journeyapps:zxing-android-embedded:4.3.0] AndroidManifest.xml:42:5-44:36
41        android:name="android.hardware.wifi"
41-->[com.journeyapps:zxing-android-embedded:4.3.0] AndroidManifest.xml:43:9-45
42        android:required="false" />
42-->[com.journeyapps:zxing-android-embedded:4.3.0] AndroidManifest.xml:44:9-33
43
44    <permission
44-->[androidx.core:core:1.9.0] AndroidManifest.xml:22:5-24:47
45        android:name="com.example.brokerfi.DYNAMIC_RECEIVER_NOT_EXPORTED_PERMISSION"
45-->[androidx.core:core:1.9.0] AndroidManifest.xml:23:9-81
46        android:protectionLevel="signature" />
46-->[androidx.core:core:1.9.0] AndroidManifest.xml:24:9-44
47
48    <uses-permission android:name="com.example.brokerfi.DYNAMIC_RECEIVER_NOT_EXPORTED_PERMISSION" />
48-->[androidx.core:core:1.9.0] AndroidManifest.xml:26:5-97
48-->[androidx.core:core:1.9.0] AndroidManifest.xml:26:22-94
49
50    <application
50-->src\main\AndroidManifest.xml:23:5-187:19
51        android:allowBackup="true"
51-->src\main\AndroidManifest.xml:25:9-35
52        android:appComponentFactory="androidx.core.app.CoreComponentFactory"
52-->[androidx.core:core:1.9.0] AndroidManifest.xml:28:18-86
53        android:dataExtractionRules="@xml/data_extraction_rules"
53-->src\main\AndroidManifest.xml:26:9-65
54        android:extractNativeLibs="true"
55        android:fullBackupContent="@xml/backup_rules"
55-->src\main\AndroidManifest.xml:27:9-54
56        android:icon="@mipmap/ic_launcher4"
56-->src\main\AndroidManifest.xml:28:9-44
57        android:label="@string/app_name"
57-->src\main\AndroidManifest.xml:29:9-41
58        android:networkSecurityConfig="@xml/network_security_config"
58-->src\main\AndroidManifest.xml:30:9-69
59        android:roundIcon="@mipmap/ic_launcher4_round"
59-->src\main\AndroidManifest.xml:31:9-55
60        android:supportsRtl="true"
60-->src\main\AndroidManifest.xml:32:9-35
61        android:theme="@style/Theme.BrokerFi"
61-->src\main\AndroidManifest.xml:33:9-46
62        android:usesCleartextTraffic="true" >
62-->src\main\AndroidManifest.xml:24:9-44
63        <activity
63-->src\main\AndroidManifest.xml:35:9-37:40
64            android:name="com.example.brokerfi.xc.AboutActivity"
64-->src\main\AndroidManifest.xml:36:13-45
65            android:exported="false" />
65-->src\main\AndroidManifest.xml:37:13-37
66        <activity
66-->src\main\AndroidManifest.xml:38:9-40:40
67            android:name="com.example.brokerfi.xc.NewsActivity2"
67-->src\main\AndroidManifest.xml:39:13-45
68            android:exported="false" />
68-->src\main\AndroidManifest.xml:40:13-37
69        <activity
69-->src\main\AndroidManifest.xml:41:9-43:40
70            android:name="com.example.brokerfi.xc.AtvActivity"
70-->src\main\AndroidManifest.xml:42:13-43
71            android:exported="false" />
71-->src\main\AndroidManifest.xml:43:13-37
72        <activity
72-->src\main\AndroidManifest.xml:44:9-46:40
73            android:name="com.example.brokerfi.xc.WithdrawActivity"
73-->src\main\AndroidManifest.xml:45:13-48
74            android:exported="false" />
74-->src\main\AndroidManifest.xml:46:13-37
75        <activity
75-->src\main\AndroidManifest.xml:47:9-49:40
76            android:name="com.example.brokerfi.xc.NewsActivity"
76-->src\main\AndroidManifest.xml:48:13-44
77            android:exported="false" />
77-->src\main\AndroidManifest.xml:49:13-37
78        <activity
78-->src\main\AndroidManifest.xml:50:9-52:40
79            android:name="com.example.brokerfi.xc.EmulatorActivity"
79-->src\main\AndroidManifest.xml:51:13-48
80            android:exported="false" />
80-->src\main\AndroidManifest.xml:52:13-37
81        <activity
81-->src\main\AndroidManifest.xml:53:9-55:40
82            android:name="com.example.brokerfi.xc.StakeMoreActivity"
82-->src\main\AndroidManifest.xml:54:13-49
83            android:exported="false" />
83-->src\main\AndroidManifest.xml:55:13-37
84        <activity
84-->src\main\AndroidManifest.xml:56:9-58:40
85            android:name="com.example.brokerfi.xc.BrokerActivity"
85-->src\main\AndroidManifest.xml:57:13-46
86            android:exported="false" />
86-->src\main\AndroidManifest.xml:58:13-37
87        <activity
87-->src\main\AndroidManifest.xml:59:9-61:40
88            android:name="com.example.brokerfi.xc.AfterBrokerActivity"
88-->src\main\AndroidManifest.xml:60:13-51
89            android:exported="false" />
89-->src\main\AndroidManifest.xml:61:13-37
90        <activity
90-->src\main\AndroidManifest.xml:62:9-66:57
91            android:name="com.example.brokerfi.xc.QRCode.Capture"
91-->src\main\AndroidManifest.xml:63:13-46
92            android:screenOrientation="portrait"
92-->src\main\AndroidManifest.xml:64:13-49
93            android:stateNotNeeded="true"
93-->src\main\AndroidManifest.xml:65:13-42
94            android:theme="@style/zxing_CaptureTheme" />
94-->src\main\AndroidManifest.xml:66:13-54
95        <activity
95-->src\main\AndroidManifest.xml:67:9-69:40
96            android:name="com.example.brokerfi.xc.MainActivity"
96-->src\main\AndroidManifest.xml:68:13-44
97            android:exported="false" />
97-->src\main\AndroidManifest.xml:69:13-37
98        <activity
98-->src\main\AndroidManifest.xml:70:9-72:40
99            android:name="com.example.brokerfi.xc.NFTMainActivity"
99-->src\main\AndroidManifest.xml:71:13-47
100            android:exported="false" />
100-->src\main\AndroidManifest.xml:72:13-37
101        <activity
101-->src\main\AndroidManifest.xml:73:9-75:40
102            android:name="com.example.brokerfi.xc.MintActivity"
102-->src\main\AndroidManifest.xml:74:13-44
103            android:exported="false" />
103-->src\main\AndroidManifest.xml:75:13-37
104        <activity
104-->src\main\AndroidManifest.xml:76:9-78:40
105            android:name="com.example.brokerfi.xc.MyNFTsActivity"
105-->src\main\AndroidManifest.xml:77:13-46
106            android:exported="false" />
106-->src\main\AndroidManifest.xml:78:13-37
107        <activity
107-->src\main\AndroidManifest.xml:79:9-81:40
108            android:name="com.example.brokerfi.xc.BuyNFTsActivity"
108-->src\main\AndroidManifest.xml:80:13-47
109            android:exported="false" />
109-->src\main\AndroidManifest.xml:81:13-37
110        <activity
110-->src\main\AndroidManifest.xml:82:9-84:40
111            android:name="com.example.brokerfi.xc.CongratulationsMintActivity"
111-->src\main\AndroidManifest.xml:83:13-59
112            android:exported="false" />
112-->src\main\AndroidManifest.xml:84:13-37
113        <activity
113-->src\main\AndroidManifest.xml:85:9-87:40
114            android:name="com.example.brokerfi.xc.MyAccountActivity"
114-->src\main\AndroidManifest.xml:86:13-49
115            android:exported="false" />
115-->src\main\AndroidManifest.xml:87:13-37
116        <activity
116-->src\main\AndroidManifest.xml:88:9-90:40
117            android:name="com.example.brokerfi.xc.BeforeShowPrKeyActivity"
117-->src\main\AndroidManifest.xml:89:13-55
118            android:exported="false" />
118-->src\main\AndroidManifest.xml:90:13-37
119        <activity
119-->src\main\AndroidManifest.xml:91:9-93:40
120            android:name="com.example.brokerfi.xc.AddAccountActivity"
120-->src\main\AndroidManifest.xml:92:13-50
121            android:exported="false" />
121-->src\main\AndroidManifest.xml:93:13-37
122        <activity
122-->src\main\AndroidManifest.xml:94:9-96:40
123            android:name="com.example.brokerfi.xc.GenerateAccountActivity"
123-->src\main\AndroidManifest.xml:95:13-55
124            android:exported="false" />
124-->src\main\AndroidManifest.xml:96:13-37
125        <activity
125-->src\main\AndroidManifest.xml:97:9-99:40
126            android:name="com.example.brokerfi.xc.SelectAccountActivity"
126-->src\main\AndroidManifest.xml:98:13-53
127            android:exported="false" />
127-->src\main\AndroidManifest.xml:99:13-37
128        <activity
128-->src\main\AndroidManifest.xml:100:9-102:40
129            android:name="com.example.brokerfi.xc.SettingActivity"
129-->src\main\AndroidManifest.xml:101:13-47
130            android:exported="false" />
130-->src\main\AndroidManifest.xml:102:13-37
131        <activity
131-->src\main\AndroidManifest.xml:103:9-105:40
132            android:name="com.example.brokerfi.xc.AddNetworkActivity"
132-->src\main\AndroidManifest.xml:104:13-50
133            android:exported="false" />
133-->src\main\AndroidManifest.xml:105:13-37
134        <activity
134-->src\main\AndroidManifest.xml:106:9-108:40
135            android:name="com.example.brokerfi.xc.SelectNetworkActivity"
135-->src\main\AndroidManifest.xml:107:13-53
136            android:exported="false" />
136-->src\main\AndroidManifest.xml:108:13-37
137        <activity
137-->src\main\AndroidManifest.xml:109:9-111:40
138            android:name="com.example.brokerfi.xc.ShowPrKryActivity"
138-->src\main\AndroidManifest.xml:110:13-49
139            android:exported="false" />
139-->src\main\AndroidManifest.xml:111:13-37
140        <activity
140-->src\main\AndroidManifest.xml:112:9-114:40
141            android:name="com.example.brokerfi.xc.SendActivity"
141-->src\main\AndroidManifest.xml:113:13-44
142            android:exported="false" />
142-->src\main\AndroidManifest.xml:114:13-37
143        <activity
143-->src\main\AndroidManifest.xml:115:9-117:40
144            android:name="com.example.brokerfi.xc.ReceiveActivity"
144-->src\main\AndroidManifest.xml:116:13-47
145            android:exported="false" />
145-->src\main\AndroidManifest.xml:117:13-37
146        <activity
146-->src\main\AndroidManifest.xml:118:9-120:40
147            android:name="com.example.brokerfi.xc.SwapActivity"
147-->src\main\AndroidManifest.xml:119:13-44
148            android:exported="false" />
148-->src\main\AndroidManifest.xml:120:13-37
149        <activity
149-->src\main\AndroidManifest.xml:121:9-123:40
150            android:name="com.example.brokerfi.xc.BuyActivity"
150-->src\main\AndroidManifest.xml:122:13-43
151            android:exported="false" />
151-->src\main\AndroidManifest.xml:123:13-37
152        <activity
152-->src\main\AndroidManifest.xml:124:9-126:40
153            android:name="com.example.brokerfi.xc.FaucetActivity"
153-->src\main\AndroidManifest.xml:125:13-46
154            android:exported="false" />
154-->src\main\AndroidManifest.xml:126:13-37
155        <activity
155-->src\main\AndroidManifest.xml:127:9-129:40
156            android:name="com.example.brokerfi.xc.MenuActivity"
156-->src\main\AndroidManifest.xml:128:13-44
157            android:exported="false" />
157-->src\main\AndroidManifest.xml:129:13-37
158        <activity
158-->src\main\AndroidManifest.xml:130:9-132:40
159            android:name="com.example.brokerfi.xc.WelcomeBackActivity"
159-->src\main\AndroidManifest.xml:131:13-51
160            android:exported="false" />
160-->src\main\AndroidManifest.xml:132:13-37
161        <activity
161-->src\main\AndroidManifest.xml:133:9-135:40
162            android:name="com.example.brokerfi.xc.CongratulationsActivity"
162-->src\main\AndroidManifest.xml:134:13-55
163            android:exported="false" />
163-->src\main\AndroidManifest.xml:135:13-37
164        <activity
164-->src\main\AndroidManifest.xml:136:9-138:40
165            android:name="com.example.brokerfi.xc.ComfirmSecretActivity"
165-->src\main\AndroidManifest.xml:137:13-53
166            android:exported="false" />
166-->src\main\AndroidManifest.xml:138:13-37
167        <activity
167-->src\main\AndroidManifest.xml:139:9-141:40
168            android:name="com.example.brokerfi.xc.SecretPhraseActivity"
168-->src\main\AndroidManifest.xml:140:13-52
169            android:exported="false" />
169-->src\main\AndroidManifest.xml:141:13-37
170        <activity
170-->src\main\AndroidManifest.xml:142:9-144:40
171            android:name="com.example.brokerfi.xc.CreatePasswActivity"
171-->src\main\AndroidManifest.xml:143:13-51
172            android:exported="false" />
172-->src\main\AndroidManifest.xml:144:13-37
173        <activity
173-->src\main\AndroidManifest.xml:145:9-147:40
174            android:name="com.example.brokerfi.xc.ImportActivity"
174-->src\main\AndroidManifest.xml:146:13-46
175            android:exported="false" />
175-->src\main\AndroidManifest.xml:147:13-37
176        <activity
176-->src\main\AndroidManifest.xml:148:9-156:20
177            android:name="com.example.brokerfi.xc.WelcomeActivity"
177-->src\main\AndroidManifest.xml:149:13-47
178            android:exported="true" >
178-->src\main\AndroidManifest.xml:150:13-36
179            <intent-filter>
179-->src\main\AndroidManifest.xml:151:13-155:29
180                <action android:name="android.intent.action.MAIN" />
180-->src\main\AndroidManifest.xml:152:17-69
180-->src\main\AndroidManifest.xml:152:25-66
181
182                <category android:name="android.intent.category.LAUNCHER" />
182-->src\main\AndroidManifest.xml:154:17-77
182-->src\main\AndroidManifest.xml:154:27-74
183            </intent-filter>
184        </activity>
185        <activity
185-->src\main\AndroidManifest.xml:157:9-159:40
186            android:name="com.example.brokerfi.xc.MedalRankingActivity"
186-->src\main\AndroidManifest.xml:158:13-52
187            android:exported="false" />
187-->src\main\AndroidManifest.xml:159:13-37
188        <activity
188-->src\main\AndroidManifest.xml:160:9-162:40
189            android:name="com.example.brokerfi.xc.ProofSubmissionActivity"
189-->src\main\AndroidManifest.xml:161:13-55
190            android:exported="false" />
190-->src\main\AndroidManifest.xml:162:13-37
191        <activity
191-->src\main\AndroidManifest.xml:163:9-165:40
192            android:name="com.example.brokerfi.xc.NFTMintingActivity"
192-->src\main\AndroidManifest.xml:164:13-50
193            android:exported="false" />
193-->src\main\AndroidManifest.xml:165:13-37
194        <activity
194-->src\main\AndroidManifest.xml:166:9-168:40
195            android:name="com.example.brokerfi.xc.NFTViewActivity"
195-->src\main\AndroidManifest.xml:167:13-47
196            android:exported="false" />
196-->src\main\AndroidManifest.xml:168:13-37
197        <activity
197-->src\main\AndroidManifest.xml:169:9-171:40
198            android:name="com.example.brokerfi.xc.ProofAndNFTActivity"
198-->src\main\AndroidManifest.xml:170:13-51
199            android:exported="false" />
199-->src\main\AndroidManifest.xml:171:13-37
200
201        <!-- FileProvider for camera photos -->
202        <provider
202-->src\main\AndroidManifest.xml:174:9-182:20
203            android:name="androidx.core.content.FileProvider"
203-->src\main\AndroidManifest.xml:175:13-62
204            android:authorities="com.example.brokerfi.fileprovider"
204-->src\main\AndroidManifest.xml:176:13-68
205            android:exported="false"
205-->src\main\AndroidManifest.xml:177:13-37
206            android:grantUriPermissions="true" >
206-->src\main\AndroidManifest.xml:178:13-47
207            <meta-data
207-->src\main\AndroidManifest.xml:179:13-181:54
208                android:name="android.support.FILE_PROVIDER_PATHS"
208-->src\main\AndroidManifest.xml:180:17-67
209                android:resource="@xml/file_paths" />
209-->src\main\AndroidManifest.xml:181:17-51
210        </provider>
211
212        <meta-data
212-->src\main\AndroidManifest.xml:184:9-186:57
213            android:name="preloaded_fonts"
213-->src\main\AndroidManifest.xml:185:13-43
214            android:resource="@array/preloaded_fonts" />
214-->src\main\AndroidManifest.xml:186:13-54
215
216        <activity
216-->[com.journeyapps:zxing-android-embedded:4.3.0] AndroidManifest.xml:47:9-53:63
217            android:name="com.journeyapps.barcodescanner.CaptureActivity"
217-->[com.journeyapps:zxing-android-embedded:4.3.0] AndroidManifest.xml:48:13-74
218            android:clearTaskOnLaunch="true"
218-->[com.journeyapps:zxing-android-embedded:4.3.0] AndroidManifest.xml:49:13-45
219            android:screenOrientation="sensorLandscape"
219-->[com.journeyapps:zxing-android-embedded:4.3.0] AndroidManifest.xml:50:13-56
220            android:stateNotNeeded="true"
220-->[com.journeyapps:zxing-android-embedded:4.3.0] AndroidManifest.xml:51:13-42
221            android:theme="@style/zxing_CaptureTheme"
221-->[com.journeyapps:zxing-android-embedded:4.3.0] AndroidManifest.xml:52:13-54
222            android:windowSoftInputMode="stateAlwaysHidden" />
222-->[com.journeyapps:zxing-android-embedded:4.3.0] AndroidManifest.xml:53:13-60
223
224        <provider
224-->[androidx.emoji2:emoji2:1.2.0] AndroidManifest.xml:24:9-32:20
225            android:name="androidx.startup.InitializationProvider"
225-->[androidx.emoji2:emoji2:1.2.0] AndroidManifest.xml:25:13-67
226            android:authorities="com.example.brokerfi.androidx-startup"
226-->[androidx.emoji2:emoji2:1.2.0] AndroidManifest.xml:26:13-68
227            android:exported="false" >
227-->[androidx.emoji2:emoji2:1.2.0] AndroidManifest.xml:27:13-37
228            <meta-data
228-->[androidx.emoji2:emoji2:1.2.0] AndroidManifest.xml:29:13-31:52
229                android:name="androidx.emoji2.text.EmojiCompatInitializer"
229-->[androidx.emoji2:emoji2:1.2.0] AndroidManifest.xml:30:17-75
230                android:value="androidx.startup" />
230-->[androidx.emoji2:emoji2:1.2.0] AndroidManifest.xml:31:17-49
231            <meta-data
231-->[androidx.lifecycle:lifecycle-process:2.4.1] AndroidManifest.xml:31:13-33:52
232                android:name="androidx.lifecycle.ProcessLifecycleInitializer"
232-->[androidx.lifecycle:lifecycle-process:2.4.1] AndroidManifest.xml:32:17-78
233                android:value="androidx.startup" />
233-->[androidx.lifecycle:lifecycle-process:2.4.1] AndroidManifest.xml:33:17-49
234        </provider>
235    </application>
236
237</manifest>